<?xml version="1.0" encoding="UTF-8"?>
<testsuite name="com.telran.selenium.OpenGoogleTest" tests="2" skipped="0" failures="0" errors="0" timestamp="2019-08-26T16:18:22" hostname="DESKTOP-79N8AM4" time="15.144">
  <properties/>
  <testcase name="searchIAmFeelingLuckyButton" classname="com.telran.selenium.OpenGoogleTest" time="0.0"/>
  <testcase name="searchJavaTest" classname="com.telran.selenium.OpenGoogleTest" time="11.973"/>
  <system-out><![CDATA[]]></system-out>
  <system-err><![CDATA[Starting ChromeDriver 76.0.3809.68 (420c9498db8ce8fcd190a954d51297672c1515d5-refs/branch-heads/3809@{#864}) on port 31152
Only local connections are allowed.
Please protect ports used by ChromeDriver and related test frameworks to prevent access by malicious code.
Aug 26, 2019 7:18:22 PM org.openqa.selenium.remote.ProtocolHandshake createSession
INFO: Detected dialect: W3C
Starting ChromeDriver 76.0.3809.68 (420c9498db8ce8fcd190a954d51297672c1515d5-refs/branch-heads/3809@{#864}) on port 15171
Only local connections are allowed.
Please protect ports used by ChromeDriver and related test frameworks to prevent access by malicious code.
Aug 26, 2019 7:18:25 PM org.openqa.selenium.remote.ProtocolHandshake createSession
INFO: Detected dialect: W3C
]]></system-err>
</testsuite>
